app_logs/access_log.txt moved to archive sucessfully... Sat Feb  7 03:30:23 PM ACDT 2026
app_logs/error_log1.txt moved to archive sucessfully... Sat Feb  7 03:30:23 PM ACDT 2026
app_logs/error_log2.txt moved to archive sucessfully... Sat Feb  7 03:30:23 PM ACDT 2026
app_logs/access_log.txt moved to archive sucessfully... Sat Feb  7 03:31:06 PM ACDT 2026
app_logs/error_log1.txt moved to archive sucessfully... Sat Feb  7 03:31:06 PM ACDT 2026
app_logs/error_log2.txt moved to archive sucessfully... Sat Feb  7 03:31:06 PM ACDT 2026
app_logs/access_log.txt moved to archive sucessfully... Sat Feb  7 03:31:26 PM ACDT 2026
app_logs/error_log1.txt moved to archive sucessfully... Sat Feb  7 03:31:26 PM ACDT 2026
app_logs/error_log2.txt moved to archive sucessfully... Sat Feb  7 03:31:26 PM ACDT 2026
Moved: /home/parallels/scripts/bash/app_logs/test1.txt -> /home/parallels/scripts/bash/app_logs/archive at Sun Feb  8 08:30:00 PM ACDT 2026
Moved: /home/parallels/scripts/bash/app_logs/test2.txt -> /home/parallels/scripts/bash/app_logs/archive at Sun Feb  8 08:30:00 PM ACDT 2026
Moved: /home/parallels/scripts/bash/app_logs/test3.txt -> /home/parallels/scripts/bash/app_logs/archive at Sun Feb  8 08:30:00 PM ACDT 2026
Moved: /home/parallels/scripts/bash/app_logs/test4.txt -> /home/parallels/scripts/bash/app_logs/archive at Sun Feb  8 08:30:00 PM ACDT 2026
Moved: /home/parallels/scripts/bash/app_logs/test5.txt -> /home/parallels/scripts/bash/app_logs/archive at Sun Feb  8 08:30:00 PM ACDT 2026
Moved: /home/parallels/scripts/bash/app_logs/test6.txt -> /home/parallels/scripts/bash/app_logs/archive at Sun Feb  8 08:30:00 PM ACDT 2026
Moved: /home/parallels/scripts/bash/app_logs/security_audit_2026-02-18.txt -> /home/parallels/scripts/bash/app_logs/archive at Thu Feb 19 08:00:00 AM ACDT 2026
Moved: /home/parallels/scripts/bash/app_logs/security_audit_2026-02-19.txt -> /home/parallels/scripts/bash/app_logs/archive at Thu Feb 19 08:00:00 AM ACDT 2026
Moved: /home/parallels/scripts/bash/app_logs/security_audit.txt -> /home/parallels/scripts/bash/app_logs/archive at Thu Feb 19 08:00:00 AM ACDT 2026
Moved: /home/parallels/scripts/bash/app_logs/security_audit.txt_2026-02-18.txt -> /home/parallels/scripts/bash/app_logs/archive at Thu Feb 19 08:00:00 AM ACDT 2026
Moved: /home/parallels/scripts/bash/app_logs/security_audit.txt.txt -> /home/parallels/scripts/bash/app_logs/archive at Thu Feb 19 08:00:00 AM ACDT 2026
